<?xml version="1.0" encoding="UTF-8"?>
<!-- Generated by org.testng.reporters.JUnitReportReporter -->
<testsuite hostname="DESKTOP-DJOSJO3" name="org.test.Sample2" tests="3" failures="0" timestamp="11 Sep 2023 15:10:45 GMT" time="0.021" errors="0">
  <testcase name="tc2" time="0.004" classname="org.test.Sample2"/>
  <testcase name="tc1" time="0.016" classname="org.test.Sample2"/>
  <testcase name="tc3" time="0.001" classname="org.test.Sample2"/>
</testsuite> <!-- org.test.Sample2 -->
