<?xml version="1.0" encoding="UTF-8"?>
<!-- Generated by org.testng.reporters.JUnitReportReporter -->
<testsuite hostname="DESKTOP-DJOSJO3" failures="0" tests="8" name="org.test.Sample" time="0.039" errors="0" timestamp="9 Sep 2023 15:35:14 GMT">
  <testcase classname="org.test.Sample" name="tc3" time="0.005"/>
  <testcase classname="org.test.Sample" name="tc1" time="0.004"/>
  <testcase classname="org.test.Sample" name="tc3" time="0.003"/>
  <testcase classname="org.test.Sample" name="tc2" time="0.017"/>
  <testcase classname="org.test.Sample" name="tc3" time="0.003"/>
  <testcase classname="org.test.Sample" name="tc3" time="0.001"/>
  <testcase classname="org.test.Sample" name="tc4" time="0.002"/>
  <testcase classname="org.test.Sample" name="tc3" time="0.004"/>
</testsuite> <!-- org.test.Sample -->
